# JRE version: Java(TM) SE Runtime Environment (17.0.9+11) (build 17.0.9+11-LTS-201)
# Java VM: Java HotSpot(TM) 64-Bit Server VM (17.0.9+11-LTS-201, mixed mode, sharing, tiered, compressed oops, compressed class ptrs, parallel gc, windows-amd64)
GC Precious Log:
 CPUs: 8 total, 8 available
 Memory: 8084M
 Large Page Support: Disabled
 NUMA Support: Disabled
 Compressed Oops: Enabled (32-bit)
 Alignments: Space 512K, Generation 512K, Heap 2M
 Heap Min Capacity: 100M
 Heap Initial Capacity: 100M
 Heap Max Capacity: 1G
 Pre-touch: Disabled
 Parallel Workers: 8
Heap:
 PSYoungGen      total 3584K, used 440K [0x00000000eab00000, 0x00000000eaf80000, 0x0000000100000000)
  eden space 3072K, 6% used [0x00000000eab00000,0x00000000eab2e178,0x00000000eae00000)
  from space 512K, 50% used [0x00000000eae80000,0x00000000eaec0000,0x00000000eaf00000)
  to   space 512K, 0% used [0x00000000eaf00000,0x00000000eaf00000,0x00000000eaf80000)
 ParOldGen       total 196096K, used 179593K [0x00000000c0000000, 0x00000000cbf80000, 0x00000000eab00000)
  object space 196096K, 91% used [0x00000000c0000000,0x00000000caf624a0,0x00000000cbf80000)
 Metaspace       used 97516K, committed 99008K, reserved 1179648K
  class space    used 9427K, committed 10112K, reserved 1048576K
GC Heap History (20 events):
Event: 3902.981 GC heap before
{Heap before GC invocations=8601 (full 229):
 PSYoungGen      total 2560K, used 2560K [0x00000000eab00000, 0x00000000eb080000, 0x0000000100000000)
  eden space 2048K, 100% used [0x00000000eab00000,0x00000000ead00000,0x00000000ead00000)
  from space 512K, 100% used [0x00000000eb000000,0x00000000eb080000,0x00000000eb080000)
  to   space 1024K, 0% used [0x00000000eae80000,0x00000000eae80000,0x00000000eaf80000)
 ParOldGen       total 196096K, used 172332K [0x00000000c0000000, 0x00000000cbf80000, 0x00000000eab00000)
  object space 196096K, 87% used [0x00000000c0000000,0x00000000ca84b210,0x00000000cbf80000)
 Metaspace       used 97038K, committed 99008K, reserved 1179648K
  class space    used 9385K, committed 10112K, reserved 1048576K
}
Event: 3902.982 GC heap after
{Heap after GC invocations=8601 (full 229):
 PSYoungGen      total 3072K, used 464K [0x00000000eab00000, 0x00000000eb080000, 0x0000000100000000)
  eden space 2048K, 0% used [0x00000000eab00000,0x00000000eab00000,0x00000000ead00000)
  from space 1024K, 45% used [0x00000000eae80000,0x00000000eaef4010,0x00000000eaf80000)
  to   space 1024K, 0% used [0x00000000eaf80000,0x00000000eaf80000,0x00000000eb080000)
 ParOldGen       total 196096K, used 172636K [0x00000000c0000000, 0x00000000cbf80000, 0x00000000eab00000)
  object space 196096K, 88% used [0x00000000c0000000,0x00000000ca897210,0x00000000cbf80000)
 Metaspace       used 97038K, committed 99008K, reserved 1179648K
  class space    used 9385K, committed 10112K, reserved 1048576K
}
Event: 3902.991 GC heap before
{Heap before GC invocations=8602 (full 229):
 PSYoungGen      total 3072K, used 2512K [0x00000000eab00000, 0x00000000eb080000, 0x0000000100000000)
  eden space 2048K, 100% used [0x00000000eab00000,0x00000000ead00000,0x00000000ead00000)
  from space 1024K, 45% used [0x00000000eae80000,0x00000000eaef4010,0x00000000eaf80000)
  to   space 1024K, 0% used [0x00000000eaf80000,0x00000000eaf80000,0x00000000eb080000)
 ParOldGen       total 196096K, used 172636K [0x00000000c0000000, 0x00000000cbf80000, 0x00000000eab00000)
  object space 196096K, 88% used [0x00000000c0000000,0x00000000ca897210,0x00000000cbf80000)
 Metaspace       used 97039K, committed 99008K, reserved 1179648K
  class space    used 9385K, committed 10112K, reserved 1048576K
}
Event: 3902.993 GC heap after
{Heap after GC invocations=8602 (full 229):
 PSYoungGen      total 3072K, used 720K [0x00000000eab00000, 0x00000000eb080000, 0x0000000100000000)
  eden space 2048K, 0% used [0x00000000eab00000,0x00000000eab00000,0x00000000ead00000)
  from space 1024K, 70% used [0x00000000eaf80000,0x00000000eb034050,0x00000000eb080000)
  to   space 1024K, 0% used [0x00000000eae80000,0x00000000eae80000,0x00000000eaf80000)
 ParOldGen       total 196096K, used 172972K [0x00000000c0000000, 0x00000000cbf80000, 0x00000000eab00000)
  object space 196096K, 88% used [0x00000000c0000000,0x00000000ca8eb230,0x00000000cbf80000)
 Metaspace       used 97039K, committed 99008K, reserved 1179648K
  class space    used 9385K, committed 10112K, reserved 1048576K
}
Event: 3902.996 GC heap before
{Heap before GC invocations=8603 (full 229):
 PSYoungGen      total 3072K, used 2767K [0x00000000eab00000, 0x00000000eb080000, 0x0000000100000000)
  eden space 2048K, 99% used [0x00000000eab00000,0x00000000eacffdc8,0x00000000ead00000)
  from space 1024K, 70% used [0x00000000eaf80000,0x00000000eb034050,0x00000000eb080000)
  to   space 1024K, 0% used [0x00000000eae80000,0x00000000eae80000,0x00000000eaf80000)
 ParOldGen       total 196096K, used 172972K [0x00000000c0000000, 0x00000000cbf80000, 0x00000000eab00000)
  object space 196096K, 88% used [0x00000000c0000000,0x00000000ca8eb230,0x00000000cbf80000)
 Metaspace       used 97042K, committed 99008K, reserved 1179648K
  class space    used 9385K, committed 10112K, reserved 1048576K
}
Event: 3902.997 GC heap after
{Heap after GC invocations=8603 (full 229):
 PSYoungGen      total 3584K, used 736K [0x00000000eab00000, 0x00000000eb000000, 0x0000000100000000)
  eden space 2560K, 0% used [0x00000000eab00000,0x00000000eab00000,0x00000000ead80000)
  from space 1024K, 71% used [0x00000000eae80000,0x00000000eaf38000,0x00000000eaf80000)
  to   space 512K, 0% used [0x00000000eaf80000,0x00000000eaf80000,0x00000000eb000000)
 ParOldGen       total 196096K, used 173424K [0x00000000c0000000, 0x00000000cbf80000, 0x00000000eab00000)
  object space 196096K, 88% used [0x00000000c0000000,0x00000000ca95c240,0x00000000cbf80000)
 Metaspace       used 97042K, committed 99008K, reserved 1179648K
  class space    used 9385K, committed 10112K, reserved 1048576K
}
Event: 3903.004 GC heap before
{Heap before GC invocations=8604 (full 229):
 PSYoungGen      total 3584K, used 3295K [0x00000000eab00000, 0x00000000eb000000, 0x0000000100000000)
  eden space 2560K, 99% used [0x00000000eab00000,0x00000000ead7fff8,0x00000000ead80000)
  from space 1024K, 71% used [0x00000000eae80000,0x00000000eaf38000,0x00000000eaf80000)
  to   space 512K, 0% used [0x00000000eaf80000,0x00000000eaf80000,0x00000000eb000000)
 ParOldGen       total 196096K, used 173424K [0x00000000c0000000, 0x00000000cbf80000, 0x00000000eab00000)
  object space 196096K, 88% used [0x00000000c0000000,0x00000000ca95c240,0x00000000cbf80000)
 Metaspace       used 97046K, committed 99008K, reserved 1179648K
  class space    used 9385K, committed 10112K, reserved 1048576K
}
Event: 3903.017 GC heap after
{Heap after GC invocations=8604 (full 229):
 PSYoungGen      total 3584K, used 496K [0x00000000eab00000, 0x00000000eb100000, 0x0000000100000000)
  eden space 3072K, 0% used [0x00000000eab00000,0x00000000eab00000,0x00000000eae00000)
  from space 512K, 96% used [0x00000000eaf80000,0x00000000eaffc030,0x00000000eb000000)
  to   space 1536K, 0% used [0x00000000eae00000,0x00000000eae00000,0x00000000eaf80000)
 ParOldGen       total 196096K, used 174144K [0x00000000c0000000, 0x00000000cbf80000, 0x00000000eab00000)
  object space 196096K, 88% used [0x00000000c0000000,0x00000000caa10250,0x00000000cbf80000)
 Metaspace       used 97046K, committed 99008K, reserved 1179648K
  class space    used 9385K, committed 10112K, reserved 1048576K
}
Event: 3903.027 GC heap before
{Heap before GC invocations=8605 (full 229):
 PSYoungGen      total 3584K, used 3568K [0x00000000eab00000, 0x00000000eb100000, 0x0000000100000000)
  eden space 3072K, 100% used [0x00000000eab00000,0x00000000eae00000,0x00000000eae00000)
  from space 512K, 96% used [0x00000000eaf80000,0x00000000eaffc030,0x00000000eb000000)
  to   space 1536K, 0% used [0x00000000eae00000,0x00000000eae00000,0x00000000eaf80000)
 ParOldGen       total 196096K, used 174144K [0x00000000c0000000, 0x00000000cbf80000, 0x00000000eab00000)
  object space 196096K, 88% used [0x00000000c0000000,0x00000000caa10250,0x00000000cbf80000)
 Metaspace       used 97047K, committed 99008K, reserved 1179648K
  class space    used 9385K, committed 10112K, reserved 1048576K
}
Event: 3903.028 GC heap after
{Heap after GC invocations=8605 (full 229):
 PSYoungGen      total 4096K, used 592K [0x00000000eab00000, 0x00000000eb000000, 0x0000000100000000)
  eden space 3072K, 0% used [0x00000000eab00000,0x00000000eab00000,0x00000000eae00000)
  from space 1024K, 57% used [0x00000000eae00000,0x00000000eae94010,0x00000000eaf00000)
  to   space 1024K, 0% used [0x00000000eaf00000,0x00000000eaf00000,0x00000000eb000000)
 ParOldGen       total 196096K, used 174504K [0x00000000c0000000, 0x00000000cbf80000, 0x00000000eab00000)
  object space 196096K, 88% used [0x00000000c0000000,0x00000000caa6a250,0x00000000cbf80000)
 Metaspace       used 97047K, committed 99008K, reserved 1179648K
  class space    used 9385K, committed 10112K, reserved 1048576K
}
Event: 3903.039 GC heap before
{Heap before GC invocations=8606 (full 229):
 PSYoungGen      total 4096K, used 3664K [0x00000000eab00000, 0x00000000eb000000, 0x0000000100000000)
  eden space 3072K, 100% used [0x00000000eab00000,0x00000000eae00000,0x00000000eae00000)
  from space 1024K, 57% used [0x00000000eae00000,0x00000000eae94010,0x00000000eaf00000)
  to   space 1024K, 0% used [0x00000000eaf00000,0x00000000eaf00000,0x00000000eb000000)
 ParOldGen       total 196096K, used 174504K [0x00000000c0000000, 0x00000000cbf80000, 0x00000000eab00000)
  object space 196096K, 88% used [0x00000000c0000000,0x00000000caa6a250,0x00000000cbf80000)
 Metaspace       used 97048K, committed 99008K, reserved 1179648K
  class space    used 9385K, committed 10112K, reserved 1048576K
}
Event: 3903.041 GC heap after
{Heap after GC invocations=8606 (full 229):
 PSYoungGen      total 4096K, used 512K [0x00000000eab00000, 0x00000000eb000000, 0x0000000100000000)
  eden space 3072K, 0% used [0x00000000eab00000,0x00000000eab00000,0x00000000eae00000)
  from space 1024K, 50% used [0x00000000eaf00000,0x00000000eaf80000,0x00000000eb000000)
  to   space 1024K, 0% used [0x00000000eae00000,0x00000000eae00000,0x00000000eaf00000)
 ParOldGen       total 196096K, used 174784K [0x00000000c0000000, 0x00000000cbf80000, 0x00000000eab00000)
  object space 196096K, 89% used [0x00000000c0000000,0x00000000caab0250,0x00000000cbf80000)
 Metaspace       used 97048K, committed 99008K, reserved 1179648K
  class space    used 9385K, committed 10112K, reserved 1048576K
}
Event: 3903.050 GC heap before
{Heap before GC invocations=8607 (full 229):
 PSYoungGen      total 4096K, used 3583K [0x00000000eab00000, 0x00000000eb000000, 0x0000000100000000)
  eden space 3072K, 99% used [0x00000000eab00000,0x00000000eadffff0,0x00000000eae00000)
  from space 1024K, 50% used [0x00000000eaf00000,0x00000000eaf80000,0x00000000eb000000)
  to   space 1024K, 0% used [0x00000000eae00000,0x00000000eae00000,0x00000000eaf00000)
 ParOldGen       total 196096K, used 174784K [0x00000000c0000000, 0x00000000cbf80000, 0x00000000eab00000)
  object space 196096K, 89% used [0x00000000c0000000,0x00000000caab0250,0x00000000cbf80000)
 Metaspace       used 97050K, committed 99008K, reserved 1179648K
  class space    used 9385K, committed 10112K, reserved 1048576K
}
Event: 3903.052 GC heap after
{Heap after GC invocations=8607 (full 229):
 PSYoungGen      total 4096K, used 768K [0x00000000eab00000, 0x00000000eb000000, 0x0000000100000000)
  eden space 3072K, 0% used [0x00000000eab00000,0x00000000eab00000,0x00000000eae00000)
  from space 1024K, 75% used [0x00000000eae00000,0x00000000eaec0020,0x00000000eaf00000)
  to   space 1024K, 0% used [0x00000000eaf00000,0x00000000eaf00000,0x00000000eb000000)
 ParOldGen       total 196096K, used 175120K [0x00000000c0000000, 0x00000000cbf80000, 0x00000000eab00000)
  object space 196096K, 89% used [0x00000000c0000000,0x00000000cab04250,0x00000000cbf80000)
 Metaspace       used 97050K, committed 99008K, reserved 1179648K
  class space    used 9385K, committed 10112K, reserved 1048576K
}
Event: 3903.063 GC heap before
{Heap before GC invocations=8608 (full 229):
 PSYoungGen      total 4096K, used 3840K [0x00000000eab00000, 0x00000000eb000000, 0x0000000100000000)
  eden space 3072K, 100% used [0x00000000eab00000,0x00000000eae00000,0x00000000eae00000)
  from space 1024K, 75% used [0x00000000eae00000,0x00000000eaec0020,0x00000000eaf00000)
  to   space 1024K, 0% used [0x00000000eaf00000,0x00000000eaf00000,0x00000000eb000000)
 ParOldGen       total 196096K, used 175120K [0x00000000c0000000, 0x00000000cbf80000, 0x00000000eab00000)
  object space 196096K, 89% used [0x00000000c0000000,0x00000000cab04250,0x00000000cbf80000)
 Metaspace       used 97068K, committed 99008K, reserved 1179648K
  class space    used 9386K, committed 10112K, reserved 1048576K
}
Event: 3903.065 GC heap after
{Heap after GC invocations=8608 (full 229):
 PSYoungGen      total 4096K, used 768K [0x00000000eab00000, 0x00000000eb000000, 0x0000000100000000)
  eden space 3072K, 0% used [0x00000000eab00000,0x00000000eab00000,0x00000000eae00000)
  from space 1024K, 75% used [0x00000000eaf00000,0x00000000eafc0000,0x00000000eb000000)
  to   space 1024K, 0% used [0x00000000eae00000,0x00000000eae00000,0x00000000eaf00000)
 ParOldGen       total 196096K, used 175624K [0x00000000c0000000, 0x00000000cbf80000, 0x00000000eab00000)
  object space 196096K, 89% used [0x00000000c0000000,0x00000000cab82250,0x00000000cbf80000)
 Metaspace       used 97068K, committed 99008K, reserved 1179648K
  class space    used 9386K, committed 10112K, reserved 1048576K
}
Event: 3903.098 GC heap before
{Heap before GC invocations=8609 (full 229):
 PSYoungGen      total 4096K, used 3840K [0x00000000eab00000, 0x00000000eb000000, 0x0000000100000000)
  eden space 3072K, 100% used [0x00000000eab00000,0x00000000eae00000,0x00000000eae00000)
  from space 1024K, 75% used [0x00000000eaf00000,0x00000000eafc0000,0x00000000eb000000)
  to   space 1024K, 0% used [0x00000000eae00000,0x00000000eae00000,0x00000000eaf00000)
 ParOldGen       total 196096K, used 175624K [0x00000000c0000000, 0x00000000cbf80000, 0x00000000eab00000)
  object space 196096K, 89% used [0x00000000c0000000,0x00000000cab82250,0x00000000cbf80000)
 Metaspace       used 97070K, committed 99008K, reserved 1179648K
  class space    used 9386K, committed 10112K, reserved 1048576K
}
Event: 3903.099 GC heap after
{Heap after GC invocations=8609 (full 229):
 PSYoungGen      total 4096K, used 416K [0x00000000eab00000, 0x00000000eb000000, 0x0000000100000000)
  eden space 3072K, 0% used [0x00000000eab00000,0x00000000eab00000,0x00000000eae00000)
  from space 1024K, 40% used [0x00000000eae00000,0x00000000eae68000,0x00000000eaf00000)
  to   space 1024K, 0% used [0x00000000eaf00000,0x00000000eaf00000,0x00000000eb000000)
 ParOldGen       total 196096K, used 176232K [0x00000000c0000000, 0x00000000cbf80000, 0x00000000eab00000)
  object space 196096K, 89% used [0x00000000c0000000,0x00000000cac1a250,0x00000000cbf80000)
 Metaspace       used 97070K, committed 99008K, reserved 1179648K
  class space    used 9386K, committed 10112K, reserved 1048576K
}
Event: 3903.179 GC heap before
{Heap before GC invocations=8610 (full 229):
 PSYoungGen      total 4096K, used 3487K [0x00000000eab00000, 0x00000000eb000000, 0x0000000100000000)
  eden space 3072K, 99% used [0x00000000eab00000,0x00000000eadffff8,0x00000000eae00000)
  from space 1024K, 40% used [0x00000000eae00000,0x00000000eae68000,0x00000000eaf00000)
  to   space 1024K, 0% used [0x00000000eaf00000,0x00000000eaf00000,0x00000000eb000000)
 ParOldGen       total 196096K, used 176232K [0x00000000c0000000, 0x00000000cbf80000, 0x00000000eab00000)
  object space 196096K, 89% used [0x00000000c0000000,0x00000000cac1a250,0x00000000cbf80000)
 Metaspace       used 97077K, committed 99008K, reserved 1179648K
  class space    used 9386K, committed 10112K, reserved 1048576K
}
Event: 3903.181 GC heap after
{Heap after GC invocations=8610 (full 229):
 PSYoungGen      total 3584K, used 480K [0x00000000eab00000, 0x00000000eaf80000, 0x0000000100000000)
  eden space 3072K, 0% used [0x00000000eab00000,0x00000000eab00000,0x00000000eae00000)
  from space 512K, 93% used [0x00000000eaf00000,0x00000000eaf78000,0x00000000eaf80000)
  to   space 512K, 0% used [0x00000000eae80000,0x00000000eae80000,0x00000000eaf00000)
 ParOldGen       total 196096K, used 176456K [0x00000000c0000000, 0x00000000cbf80000, 0x00000000eab00000)
  object space 196096K, 89% used [0x00000000c0000000,0x00000000cac52250,0x00000000cbf80000)
 Metaspace       used 97077K, committed 99008K, reserved 1179648K
  class space    used 9386K, committed 10112K, reserved 1048576K
}

